11828
2361
2485
8944
5780
3577
169
1327
10330
6922
177
8064
5737
7583
3405
2717
6542
451
9169
9182
934
11059
4074
2068
7734
8855
4564
6588
1418
5838
8359
11030
11876
7836
10748
2933
7493
8425
11840
10399
11516
484
8397
8716
6331
11839
4742
11594
4360
5199
7516
9759
3754
6813
4676
11532
5849
2744
10162
247
1585
2657
10016
11956
11644
2235
9528
1858
2001
5065
10108
1253
4955
4844
7073
4530
3317
7173
11485
3819
10628
7033
8352
7428
2599
5159
6234
5006
8903
8106
9226
5645
11560
4700
3721
6711
4789
1873
11130
11184
11132
11545
9812
3644
11950
7233
11056
7773
1154
2547
8786
9328
1041
3456
10937
6060
4594
8415
6110
11868
9423
10987
10093
8727
8716
10495
1233
6550
145
9539
7425
10079
8630
4889
2582
3311
9164
295
7009
1653
9642
2188
7934
6122
6672
6009
11780
6391
3811
10129
8324
329
5502
9786
4967
10918
11167
1465
4677
11020
4500
4372
5960
4490
2967
4363
5326
10430
5791
2724
2265
144
7466
11596
11581
7470
11878
7659
6243
596
5564
7849
1536
7392
7476
1395
8277
6445
6807
9443
9287
659
6014
6762
9064
11216
3124
1739
3704
11058
3723
10893
4686
2806
4743
10557
5970
8104
11229
1185
5148
5866
5699
6884
29
7787
11584
6334
2028
10661
5359
7176
9127
4697
8642
2225
7950
8980
11386
2550
6611
5590
8714
1498
5514
616
560
1160
4172
5424
9417
564
6379
4978
8890
3060
3684
1930
637
885
4162
7371
9412
5843
5828
3752
9545
296
3826
508
7136
10358
7661
2202
8553
9195
1225
8788
3520
10803
8311
11693
178
5361
5490
9872
1927
4488
8963
10873
7694
8233
7909
7152
466
11564
8315
3531
3513
414
7995
5601
5649
2011
9660
1303
2229
3231
6392
6594
7282
2205
10794
9236
8214
4110
9310
8227
2018
8323
10891
2243
2718
599
8144
683
11978
8911
11538
3529
2386
8810
8963
9206
11884
1910
4095
6986
8102
7088
9533
198
5108
2421
10548
4642
2101
4707
4549
9030
71
4522
8033
11206
10254
8381
6742
11067
1398
7424
2204
4729
9462
10387
2543
8495
1275
3265
1607
5468
3066
5110
3970
4472
7403
6852
8242
1963
2216
7792
1402
7155
2996
6616
10479
402
2090
4286
8936
5148
1222
7117
3507
8300
8922
3619
965
2936
11529
361
5478
6554
8722
8153
9683
3822
2258
6254
4524
2911
11651
7138
8156
10935
6992
1459
2819
10906
8932
6469
10669
11850
9025
2993
2855
5296
6248
2427
8976
11372
9412
11819
105
4072
543
2207
2166
12
2996
4755
1250
10058
10131
5037
8795
735
9844
10002
6131
4166
7061
4671
950
3487
509
4558
2606
5356
11640
5070
2945
8085
548
10853
2486
11333
42
8045
285
2991
2710
4863
5711
9034
10934
6687
3603
10532
2212
7042
10952
6963
14
9354
3213
8097
5547
10326
1794
8405
2431
2032
8976
5885
10212
2538
8696
3571
1943
11854
1130
715
3810
7479
1867
1729
803
5580
4776
8480
9930
11996
9266
7353
7245
7838
11669
8760
7222
9336
4864
3348
8510
10908
4004
10170
7115
8071
3372
7403
345
6869
1870
3970
2566
2908
8578
6494
2877
7885
11020
8493
7290
2654
5480
9619
7790
7436
2659
1923
11874
9662
9396
5776
8736
6289
11910
8
10207
4029
8189
1265
5893
2018
611
10200
647
872
8829
1332
10593
11840
9160
4813
1345
11948
6410
8219
6941
9595
9019
10733
2139
9926
8840
2659
10358
8654
10616
8214
6464
8633
1344
10875
5942
9551
253
6326
7670
3521
1968
2106
8613
2131
2745
5589
11195
11702
2254
736
9914
11029
5424
5344
997
9809
10250
8050
11432
8250
10199
411
3683
3008
8035
3670
11731
11680
3339
10575
10735
5443
10934
11734
8742
7290
7657
9447
2280
3409
10579
3831
10510
7857
751
6259
6810
11561
7003
1780
2239
11983
1992
9122
2275
11451
1939
2265
545
2215
9917
9302
6976
8679
8482
8385
4844
4070
2708
9067
3679
3980
3294
181
6791
2740
1433
10644
3367
515
2543
3163
5706
9302
6693
6829
6057
4680
1699
8895
4889
7202
6391
4814
3101
4731
2419
8688
2760
4839
3255
9757
398
10515
4643
8442
7744
3019
1811
5652
8929
598
1101
3688
818
1090
5466
10057
45
10112
2398
4869
648
558
5382
6197
5932
7580
3838
1921
5226
3965
5798
3024
8662
4055
170
188
6949
9847
1494
8755
8267
843
1432
10723
5042
7548
6051
6443
3249
9110
6042
1016
2263
2709
4576
11136
3952
5688
10338
7218
11792
11202
7589
3155
10212
4355
4713
11868
7246
10329
1714
3059
7710
4899
5542
10214
3740
7080
3864
4812
4464
5254
7041
7138
4895
2226
8586
2739
11848
1019
4261
1759
9738
4075
5238
2784
9594
7636
1374
7745
408
8662
4676
7634
9187
11546
6418
4381
2590
10181
6108
4252
9062
11601
4687
4453
1591
461
5802
9369
10046
3046
1925
7982
3994
3273
8318
3469
10455
11352
3506
9858
9804
264
3922
6836
11265
10202
2762
4423
11005
4325
10877
2187
4786
4941
6639
5052
3458
11188
8254
11459
7269
1764
9850
3769
2058
7030
7968
1268
6836
5949
11694
2959
4066
8919
1680
2632
1198
3440
4720
2211
4544
9854
1258
5452
2547
3068
11400
6342
2825
3229
10458
7338
10066
3700
7986
3656
1913
510
8501
11311
1462
5630
9727
10475
5762
6907
5220
9925
9971
8498
6608
4991
10343
6856
2441
8365
8211
1034
5796
8498
11415
2108
11279
10063
7360
10927
7953
11024
6943
4202
2010
11375
3038
10114
11591
5441
11063
6143
2214
6875
2333
1786
10652
1082
3517
9061
9824
9805
9392
6414
1463
10912
5508
2669
2781
11232
5995
3075
6260
9303
7856
5299
5972
8458
2540
5398
3438
4466
8404
8317
11088
8227
9855
10406
5707
575
10593
8724
4112
9283
1251
5568
2318
11642
6118
4727
10090
7815
9273
6343
545
4171
3596
86
7851
352
510
3519
8576
8671
161
6025
2373
9633
2956
2656
8998
7034
11916
8510
5432
6017
3285
4903
11050
9860
6150
3697
2238
7979
10498
9509
8801
8752
1267
3333
8711
223
1345
1318
11440
7642
3317
10911
3073
6978
5962
9549
2843
4191
3073
8384
10435
1009
7118
3130
2590
11304
8576
8234
10033
3907
1521
2942
7604
7813
7046
671
9813
4175
10596
2198
4580
10381
5124
797
8
6701
11138
9315
6387
5651
11315
7496
4394
2116
11296
2535
8601
724
7599
865
6899
7626
8286
8619
5350
8970
8104
11990
2226
9835
11255
4887
2639
7249
5777
1831
2175
3124
3734
6924
6332
11588
6962
9068
323
8124
11083
11232
950
1335
8823
9636
8744
5832
9362
5128
10480
877
5523
1814
7430
1918
3052
7200
11334
6924
4081
5611
10105
6771
2031
8590
10667
4440
9834
4279
9073
7823
3247
425
6197
5263
4420
2736
8808
1709
1499
11687
2712
10439
2212
8701
922
808
8747
802
11432
4343
10118
9329
211
3695
4381
11286
9398
7620
6662
7156
437
6082
5863
8680
7067
2993
11298
2143
11523
11763
8163
7149
3275
6995
5830
1618
6822
6129
11422
4969
5738
11655
912
10907
8155
1805
11250
7251
10279
3202
3510
8457
11264
4925
9094
9174
2936
3824
4269
8258
9365
5632
7079
8022
4132
1531
10699
3335
3478
3320
2772
7346
9071
8168
11106
7131
11194
8183
2261
3511
5545
8629
9189
4557
4552
11600
992
7962
1311
11313
8217
11538
10711
4925
4780
5475
8218
4872
6722
808
72
9210
10406
3715
5243
1301
10619
6792
5539
9415
238
8382
1636
409
9676
5340
7566
1657
8292
1241
307
1725
1266
7139
10694
5037
6143
1348
664
882
3307
2566
8224
587
8129
4754
3045
6529
1320
10819
2709
2911
6249
8985
3935
8814
5535
9081
934
5023
8198
7610
10134
1485
950
547
1060
7975
10937
11173
7036
6667
8278
3100
4599
1783
9244
9796
11222
6338
8697
7417
4890
7233
9648
11758
4494
11580
4331
4331
2759
3072
11181
7329
5566
11625
9376
4222
7024
10184
1361
10172
10556
3768
9796
10249
4512
7238
6840
7594
4455
8167
4522
6205
7287
3414
1117
1966
8765
10605
4051
10811
11722
8705
2771
4584
1437
7232
9395
1225
7119
5369
4593
2280
4336
4365
9277
3583
6534
3077
1086
4083
344
9365
517
3350
3479
11289
714
2217
5329
3651
3519
3292
1182
5417
8351
8749
11110
11901
11772
7864
59
2322
2328
8155
10613
477
9309
3797
94
3688
5525
5139
7385
1134
1031
9705
5779
812
4909
1968
10633
7041
3818
6485
292
9379
4948
6643
7957
7179
9351
7322
2593
9746
11324
8183
6972
155
4572
1089
92
7292
8368
2343
11953
11482
6697
9948
8585
10386
8632
10041
8711
9358
703
926
10099
2506
4026
9798
9850
1020
6224
6302
2358
71
10942
8497
11582
6689
11754
6556
497
2517
8781
9743
4279
7169
9105
8714
2734
4183
6311
2131
1922
145
4024
11866
6645
536
5280
8718
10629
3232
1898
10661
9735
8293
5692
1986
3424
801
6469
10572
2956
1977
8185
7613
7437
2659
471
7736
4866
8473
7924
3323
4679
1605
139
9151
7082
4101
1431
2138
10592
3923
2465
4039
4705
5786
6776
4306
1523
9849
7175
4180
396
6842
4547
9216
1317
4071
10307
9981
5771
10943
10032
5598
4175
7299
1337
2115
6769
801
10014
5292
1968
2953
10769
1511
6706
5131
4626
8892
3175
19
6094
3478
11639
10412
1670
10569
5611
4120
1078
2782
5746
7022
5826
8350
8119
7845
2252
5468
3383
6280
173
1167
5406
6386
7570
10211
3486
11941
4455
4972
9184
11537
11129
5004
10992
4693
9491
3199
9789
4076
6885
3983
4953
1211
10173
1890
11462
7616
11283
8175
22
300
2458
2772
1445
1934
7721
4970
2961
3681
4792
10576
4083
8854
6779
4124
4868
1971
11368
1909
2084
2708
11123
3069
8776
11403
3653
1969
2132
8445
1010
5348
11311
9817
5613
10394
9005
9408
11327
2962
4068
7499
3031
546
11375
9853
2060
4420
3381
11388
6377
3538
1469
232
7149
1305
168
4200
11608
3281
5762
8318
5616
9135
506
3046
368
7864
10859
2169
5918
9330
6620
1044
3971
5555
7755
2047
9426
6074
6958
6509
6605
8723
8640
5267
1958
6873
11019
1254
6180
7975
1419
3074
5301
2598
11603
2552
2240
9817
2117
11578
7617
1826
164
8293
7359
10112
8345
5782
2676
9255
7939
3906
1442
10660
7993
8774
10842
9008
4498
8576
3356
9171
8338
3109
5701
4611
4439
9307
5315
3950
5711
6437
9303
2453
3839
6374
10434
9575
10924
8425
9888
8509
7185
725
8873
10868
8609
9015
7061
3135
420
8867
7013
1470
7647
5069
306
5738
4802
1773
11051
4293
6864
3451
3785
8096
1222
3391
1467
10163
3157
9576
5321
2140
9686
11267
9773
1948
4230
3495
6514
7008
11596
4841
3956
6465
11105
2554
7880
3123
5532
9979
61
11461
10582
667
9968
8157
10193
11252
4311
7971
8827
9259
8345
4605
11161
10552
5197
1347
8245
7917
11403
7841
7185
5551
9967
5252
826
11815
4875
2378
2632
585
2919
11921
6129
9930
6018
5197
11786
9484
5937
6976
5062
11125
5352
1892
11669
901
4678
4117
7662
6126
4902
8450
11060
3709
10842
5944
4015
4449
4853
10466
10367
4969
5938
4250
6508
8323
9535
2574
2043
8066
6979
4054
10572
4650
6676
5911
8210
9514
5515
10680
4097
11064
8828
4389
11151
4014
2439
6181
2691
11112
8902
7590
7373
10290
3974
4405
6942
628
4717
7071
10879
5248
3276
987
8874
10335
10512
3882
2333
5030
11067
9586
9753
8711
302
84
3810
6475
9718
6643
2425
199
7051
6082
5764
9566
8216
5974
6353
768
4531
10541
3920
8378
6422
7480
6522
7902
5833
6718
10742
9116
4048
11279
10392
1044
11428
3974
5163
4736
784
3559
8066
11562
6697
4286
3235
6752
8976
3444
7846
4258
7876
10540
3376
9727
7295
11167
10343
11500
2308
4414
6899
7032
6820
854
3327
3978
3945
2640
5464
11398
7934
8223
2473
5192
4011
3445
10166
810
1485
6461
10185
11653
7758
9965
7889
1308
2616
10626
7663
3894
3221
8436
9631
5212
681
1825
2397
320
10914
9954
10453
2344
11692
9502
246
933
6367
3590
7732
8786
2687
9093
2276
6996
2451
7689
11384
4707
479
3392
9537
5677
5385
1102
6734
7830
4166
10881
9948
3717
5368
11201
1708
8068
7859
11350
8457
5173
9752
2427
5004
7880
11028
10091
8649
11275
9673
4200
932
7902
4902
965
981
3458
2067
7974
1583
8382
10333
7646
3809
5604
11996
6229
8008
3989
5554
1316
2373
543
3187
9219
3060
524
5251
147
5934
6861
11743
10238
5604
1088
3365
10827
2207
1066
899
5240
2733
8255
11060
3450
11284
9156
5796
7578
11677
7786
4258
6064
201
10622
147
1676
10082
10456
6191
165
10347
8967
11760
10427
4323
3508
5357
9446
843
1752
8802
10106
4523
2304
333
9083
6118
6231
5756
5619
1949
11716
9853
5874
8806
11628
975
5846
11470
9792
9566
6513
163
8091
8764
1916
4722
9265
11918
2293
7172
5381
7895
6179
6687
3427
4550
5557
490
5329
3511
8689
7323
1938
5668
8163
8445
3124
6304
10994
2942
5102
5768
11289
9208
11467
11907
18
4999
8156
176
2856
4360
8637
6426
3854
955
10135
7800
1871
7988
2533
3021
2231
10910
4844
10523
3988
498
9718
9469
7490
2643
6484
2659
1583
7324
3515
9620
10842
6772
9493
6901
2646
9686
8221
8678
7704
8662
1130
164
11774
9586
3463
3231
6929
797
4372
7769
11567
10202
1753
3933
3703
6248
11638
3365
9739
11865
5290
1779
6927
6935
8926
11040
4212
6773
7050
11895
10861
1349
4879
5009
9518
6630
220
7743
7843
11402
6340
9333
2784
8374
11018
5698
9881
5067
4939
11064
10614
10166
4930
10880
1889
4515
6271
11259
9151
817
11454
6193
4406
4374
4186
1275
8631
4818
11343
1482
6548
11822
9766
2760
702
4147
9436
6728
1034
7154
7516
782
1841
5030
11108
195
8049
10524
2330
10494
9122
4822
7380
1485
1759
11513
11768
4773
11670
1178
4748
2367
4272
1197
5191
9260
79
8700
6774
3362
2834
1407
10317
2189
3096
3206
1476
10956
9072
816
10717
3484
3855
4822
11586
9396
6060
10564
4828
8478
10988
10051
3688
7976
27
11064
9
740
10874
1986
7334
3737
488
8683
6193
5388
10350
6870
6123
2503
7605
3946
680
3322
10167
122
5843
4177
4557
11960
6632
9817
4493
8066
3696
5214
3753
2705
10785
11863
8759
10466
5657
2204
6635
3889
967
1705
1136
8104
2012
7474
3912
18
10934
10996
1967
10522
6135
6630
1996
8368
3078
4968
2412
2128
534
6982
4448
7512
10580
3074
8635
7833
9218
4743
221
9102
3511
3490
2813
10378
2441
1952
1512
2549
2470
11926
9275
2543
2857
3022
9005
9297
6277
10150
1048
4395
9145
7846
1312
6337
11278
2658
9143
10752
4130
9386
401
9664
6814
6905
7825
5032
5485
6651
3816
11316
2395
11516
4227
10672
13
11003
9480
6701
1120
1915
7550
10258
1598
2704
1875
3850
4909
11775
169
9582
7840
1631
11413
5293
8065
5717
11960
10755
5449
11070
1763
4218
10745
1691
6094
9576
9419
4524
2973
3589
2860
4443
7664
3319
4045
8453
11143
9893
3975
8499
9370
10110
4830
863
6468
4189
7721
8091
7616
8060
7314
8670
454
4129
6313
2443
9287
5344
11895
9757
2081
9625
9679
11835
8504
11381
4661
4658
11726
11836
768
2872
7665
6283
5312
1770
10644
8135
11584
8386
4062
8775
8189
11038
796
4753
3477
10371
10372
9714
5473
10
8828
3738
6265
9403
309
9413
8600
9219
6980
9930
1703
10940
9768
3936
10936
2760
6759
605
11873
9943
2700
8518
5759
5054
8131
7482
4017
10226
2079
5299
8591
9650
6053
7726
6388
9967
5208
5547
11940
1039
7144
7668
4636
7795
9684
11523
7479
1383
271
9872
7301
2882
11323
2173
9733
9064
7875
1246
11946
1454
6322
9826
6294
11011
11803
6859
2471
9146
8976
10048
2634
1698
6475
5136
3188
3622
3230
9846
8551
4745
3159
7107
2148
4896
1380
2379
8296
41
4158
5375
3326
3741
2198
11359
7431
10324
4708
5489
2170
3650
3801
7296
460
4108
11384
7371
6075
2740
1543
8790
6292
6926
8807
11491
8335
9036
239
1007
9557
11762
1458
7451
7105
5548
1010
2532
8857
2627
8379
1652
7939
575
10046
2769
3971
194
11572
11713
11426
1644
11592
11050
9072
5403
5895
6318
2495
6514
6447
5637
1996
7963
1237
163
8928
11666
4271
5783
10632
1685
10788
675
11613
5697
5004
1022
439
11556
2171
10164
8109
2051
7687
2858
10188
8461
7284
2098
6056
490
3987
7042
1917
10521
1580
9165
1966
9746
720
5579
10216
911
6656
7780
3975
2757
10670
10669
2811
3133
8880
6741
4059
2938
1999
7725
7566
9616
9904
6668
305
10868
3550
9670
7897
2611
11830
3926
4747
11854
2333
3648
11675
9279
6844
11693
11339
7767
4493
4358
5652
3881
8095
1835
9597
7590
10063
11158
2459
1029
5638
10292
469
10084
2789
5121
6228
2884
10223
3595
9968
3004
11334
5212
1874
6244
2730
7242
3113
6291
1143
1761
4098
2434
6052
3563
11756
9642
7293
8398
1146
1931
7213
9769
789
5906
9582
8628
3377
10624
529
5847
8327
710
2205
8215
1681
7660
5608
8973
6385
1744
5274
11546
3808
1772
964
6122
11607
6116
8494
7150
7634
6031
5081
11539
6588
7220
8293
2540
1428
1924
11690
2743
3348
9522
2702
7554
163
2700
5065
7748
7487
6687
3279
360
9905
4892
8156
7152
4578
1475
6375
9311
7349
3942
11314
1786
9352
4831
1039
2799
535
851
4445
11586
5202
2569
9865
2309
11787
1771
2372
2350
576
1111
6060
8812
6932
3473
4199
4081
11789
2657
9059
7703
1847
8597
10479
3548
802
3246
3947
8425
4367
9615
8982
773
3530
2109
5026
5976
4616
3434
10871
10096
3206
1742
10784
6450
1799
5547
6053
5491
6363
5120
8592
9802
10503
11662
9535
4816
1967
7477
10415
1990
4561
1734
1566
10656
3271
7063
7827
11695
11516
319
11359
8431
2900
2323
1645
1744
9733
6163
9197
9466
10758
5887
461
4468
3216
2961
6718
9647
11262
824
5374
1106
4170
2208
177
1389
3485
7565
1225
8479
4344
48
6477
11545
2729
914
1631
11065
7224
9060
769
8948
5091
7588
6102
3677
4108
4893
11421
8261
3554
9681
6555
4898
8113
2681
7147
3795
3175
2501
3511
448
11158
1147
6097
5970
9883
6183
7278
6665
7980
3329
11707
98
6460
1500
2409
3252
6219
1843
7090
10156
4248
3312
744
3491
4620
11612
2797
9211
10116
8055
11316
5060
8408
7971
3708
9190
3242
10698
10439
11659
9872
3089
3874
5646
7268
1597
10255
6590
9211
4610
1102
8203
10350
661
3048
2485
9690
11440
2074
6348
4671
9247
5625
6336
8142
611
3800
11247
11961
3219
11039
6005
4882
6146
209
5250
551
9586
5989
3396
64
9817
5661
5762
10548
131
11156
2442
6529
2756
6188
9146
2626
10481
8788
7096
4197
3828
4258
3340
5029
7997
8843
3485
4058
3667
1854
846
8297
6952
3965
11412
8779
10331
9676
10780
8285
8390
10595
5358
8009
3472
5247
3632
1006
5086
531
185
5410
2955
5738
9440
11860
7057
10214
11684
5457
4845
4291
1011
4774
10004
10038
1145
11071
8686
1650
8897
11831
148
7003
150
2112
2981
7896
5770
10902
7861
4974
2711
11804
6824
65
888
5851
9501
1874
6970
1097
4570
4485
8314
10852
7912
2087
3606
2073
9492
7574
11559
3360
967
1380
11136
8382
3333
1949
2320
9294
6611
630
9265
5795
5683
9613
6004
6970
3795
11670
8478
10908
2093
11015
9671
11329
11758
9522
5030
1037
2861
11802
11111
7022
5044
4357
5511
5369
3400
2035
2694
1878
699
1431
8158
6393
4111
9691
6690
7319
9063
4328
11086
11677
10698
9213
5701
7254
10571
3793
610
11028
10823
944
10914
4019
4002
5453
7832
5086
10043
4226
9811
4889
6585
8730
652
6395
8939
9934
6039
7717
9381
8228
5400
1000
10366
1298
7085
11252
2374
7908
3234
5624
4737
10759
10443
6679
6693
5339
1497
10451
4281
3674
5949
5922
6368
2313
11188
8587
8166
6688
2938
9268
11069
5148
729
4234
11446
1521
9916
9847
4228
4941
7204
2621
5721
8025
5398
3527
1979
3098
1225
11741
6460
3255
1605
11762
7328
6419
4616
4944
878
10394
5674
7940
6985
3042
3072
438
1321
10290
10059
788
5273
5544
2976
8725
8061
3443
2805
3365
8537
10492
8538
10039
419
1199
3351
3202
8475
2743
10430
6831
6166
3979
537
4136
3817
3792
8094
7330
2081
3314
8502
9373
6769
10459
6886
3253
1630
11514
3123
10341
7639
9215
6236
7684
4661
5730
8683
873
6083
2451
9990
6195
3044
240
7432
3268
4377
9973
9104
1233
11183
7741
7717
11769
5145
27
9881
8837
9313
1427
9350
2025
10959
7161
3888
1720
2516
4698
3883
2065
2243
1191
6761
11774
5365
6234
6478
7334
4893
10614
8044
8024
5121
1286
11011
5343
2034
10710
1249
9118
7412
6950
3127
6487
11353
1685
2301
4347
7313
10224
873
4552
4397
9108
3540
4286
7742
2657
11615
9490
7300
5959
5462
5085
6100
6381
882
9984
5326
10586
7354
1446
5078
11311
7847
2363
8660
5864
9009
6364
10548
10329
5069
9414
3885
11851
6687
2640
6465
10241
3211
3624
10540
11233
5496
6249
7699
7299
4377
420
9199
5876
1358
4582
6719
3086
10756
1936
2494
5758
8748
3626
5047
7574
10237
2865
5490
6585
9353
1123
11416
3132
7670
8934
4844
3396
11851
5754
11539
2297
5446
9557
1171
6447
7960
9394
1423
11091
8061
5210
33
4671
8940
2490
11143
698
8346
1076
11978
5008
1712
5609
991
5284
28
1494
5038
2913
2783
9188
6951
10754
4294
6786
8143
6328
7120
4557
3376
10262
5034
4980
2818
10416
4170
4263
9835
5253
2431
1998
11638
3357
8197
750
19
9838
1570
4840
2824
2511
5082
7438
1645
11303
7746
7322
1434
3219
8794
5254
11275
10545
7122
6908
8540
1573
3672
4652
10962
5238
10441
185
4834
3424
7719
4183
4674
9516
428
3532
6081
6940
3042
1645
7381
2971
10590
4520
8833
9004
10661
873
6750
4782
2044
4601
3835
4755
1804
8215
4365
3743
95
4625
9540
562
907
3724
6397
6002
7190
3738
9153
3736
6454
7146
4627
9316
3942
1200
1635
3260
6858
1710
3783
3599
4906
5678
8080
6864
11531
9807
10065
4577
6745
11554
9885
10706
8337
5569
6813
10334
5500
801
2144
8987
1578
426
6241
1562
10599
7975
690
9778
11704
4661
5126
1290
10297
852
182
2357
4903
3032
11417
8911
2220
4288
3697
4371
11757
1493
11653
10287
1673
9820
7215
8085
1126
1070
4125
4736
3391
8570
5442
8059
2436
9929
9713
4707
7404
7999
4374
7509
539
3691
11292
2914
6692
4045
5047
11679
6324
11051
3662
757
5292
3215
9869
7499
1245
709
2904
2805
6541
150
9971
3841
8940
4717
11085
5142
10109
11232
11005
5669
10108
4232
7234
8387
11523
3769
1789
2360
7832
6771
2529
5159
817
7314
1247
5526
1492
2969
8589
2814
8018
644
10041
6604
2472
9933
10804
1221
6101
10979
8333
3526
11804
3198
5635
4400
1126
953
104
8769
2939
10362
7798
3799
6190
9913
11427
2063
3820
6422
8243
6020
6893
11067
1137
10079
3403
9885
10873
783
4978
5055
5324
6372
10830
1677
2900
7934
1821
9467
45
11895
10406
11907
4783
9272
2441
2862
1706
11360
2555
2533
653
6032
3695
4846
3514
11764
11938
4981
9154
1773
5352
8736
9436
8357
6881
2750
5615
1507
1686
2375
10077
10372
1315
64
9497
841
10292
3633
11904
5786
1377
613
5999
1943
5767
4144
6235
11435
1850
7430
9784
123
956
5833
7419
9759
619
1943
5716
7826
5415
1769
4622
8495
2315
7267
8557
5832
1763
7895
10649
6591
9304
7767
6514
2475
11618
3183
10216
656
1213
3939
593
644
1751
10769
9104
1240
3159
4674
6656
11407
8172
3586
4600
7229
9838
1922
10112
4012
6781
5090
671
9667
3664
11837
10161
9104
10282
2572
2268
3297
8130
5413
5527
6909
10028
1646
10197
11112
544
10702
4573
3223
8451
1433
4976
10218
3336
11609
1754
2981
6778
9006
7103
10307
4086
3359
9297
2208
7674
10626
4143
11033
5462
3655
8058
2140
11514
329
6073
11593
5230
1577
8460
4339
11926
1414
1298
8803
9516
9277
7444
8559
11303
7350
8762
6972
5474
511
2340
2196
7942
11691
4573
5868
2561
3064
9607
5100
5480
11517
8569
8074
2563
3090
3328
8546
2307
3953
7243
6028
1558
6449
3419
10168
5626
10325
4449
8049
9988
5061
6441
1650
9826
9473
2315
9642
8002
7336
6963
8972
1845
807
5775
11379
8264
6722
381
11999
11202
617
3159
7655
5360
5419
5120
5224
9342
6202
10243
5613
2024
9313
1145
8458
6009
1358
4193
4541
5308
9161
8698
7249
9283
7787
8829
1025
8902
2090
6178
9851
10962
9943
7609
4173
4758
2449
1105
2521
5975
3895
11788
190
10202
6061
7068
7951
9479
3739
2144
612
3686
6923
6584
10623
2322
10094
5707
11488
1383
401
6803
7897
2546
8257
7911
3815
5759
5970
9969
4619
7590
6537
3592
4519
4331
1536
11557
41
10878
8335
1256
10273
7754
399
10015
6867
11461
6495
2020
5458
11426
898
3034
1204
10372
7504
1684
8563
7775
9782
8257
5230
2390
49
7319
2311
11407
7356
5360
3361
10862
1519
2815
1824
2272
1462
11423
7728
261
6963
4807
2108
7042
8312
510
3749
8170
4070
5393
5162
1849
5250
5390
1602
1328
4721
9077
6013
6581
11476
10299
2393
7453
10648
2345
11963
11876
11774
2694
2806
9467
1746
9322
4352
7018
5307
2900
9057
3844
2605
5885
7137
7889
8510
1577
9914
3711
9781
7715
9570
11144
132
1931
5613
10398
9373
2656
9288
7801
3486
6590
449
4098
5446
832
1104
396
11933
8069
1837
7323
6851
10938
3795
6894
6658
8737
11651
1801
6971
6119
4184
1508
6800
3221
10625
10521
5976
5880
821
9620
10946
3164
11634
11564
8091
7412
8548
953
4072
7246
8622
1415
1458
6800
8246
8190
2960
2410
11000
427
3122
5499
9082
1185
8135
1207
8294
81
2688
8518
9514
9969
9385
3179
851
10762
1206
11732
6389
8682
2894
11195
7398
11670
8820
2737
408
11657
5043
8685
11235
3586
11728
2683
9268
7771
2927
10671
1889
8129
6018
11483
6755
10278
626
4524
8002
4190
6897
9852
9124
10272
11297
7380
8248
11225
4888
6572
5025
8959
4100
2109
6099
4051
11518
2414
4294
6918
10047
8799
5218
6855
4068
9144
3890
11505
5781
11637
9273
9049
1913
1019
8299
6588
1360
4133
4985
8666
6002
3227
4671
11778
5084
10611
10198
11975
4033
8640
15
1324
9398
4861
7760
955
6870
5363
2729
7862
945
9915
9030
3343
729
4457
1771
7155
797
5826
1791
6885
2711
8269
11768
11039
11912
7417
8379
2495
2201
6806
3358
6709
5862
4873
2805
11981
5698
8549
9060
7547
11905
3140
2703
6998
9617
7156
1972
3633
2399
3033
6854
930
4600
4453
11596
11147
3658
9968
4125
10344
9906
9148
8074
2796
251
3259
6596
5690
7402
5687
1155
8476
7827
5895
2673
9950
7719
10672
11168
6302
8486
1701
4998
2866
4111
1261
4301
7211
9763
1838
10939
11447
4567
6989
7507
7290
11260
1532
8455
2414
11724
11394
9292
1012
1969
2977
7159
11267
3124
8914
11720
11539
6357
7321
5331
9624
3370
1451
1915
1279
8223
1655
10725
11533
6712
10027
10355
8862
4403
5950
7929
10403
3628
11952
6255
9696
11369
7821
8103
1241
7943
4943
7352
8302
6740
86
7872
9862
8011
6595
4361
9570
6792
3016
11185
5740
8549
4630
11430
11125
3981
4190
6920
10187
8624
8358
4857
5976
7548
3913
2057
6505
4375
6761
7404
11607
1237
9075
9193
5818
11999
1623
2464
694
7184
1402
10197
1217
1544
11131
1418
7619
4015
5016
4828
1925
7088
2364
2444
3940
2212
9214
4076
6130
9796
2103
2100
3011
6780
9404
11053
2169
9452
2368
7968
4898
8270
103
11207
6735
6994
117
3645
7789
2204
8943
8682
7772
7590
9519
407
3046
3946
11572
4593
6733
815
8233
809
6091
5073
2404
8036
9880
9472
10108
2543
10283
277
7133
5613
1285
1597
3726
5837
5964
872
5911
10282
5220
3217
3212
2700
5849
1919
3140
1316
583
8367
4733
1303
8927
5045
2788
2190
5063
5963
5106
9801
6042
9989
11144
6153
1692
2035
1937
2880
1341
10918
11947
2328
7467
2896
5720
5344
2736
577
5804
10111
10710
11772
1303
10023
9577
300
4818
8659
10836
10459
3158
2302
4689
4940
8350
11290
1211
8540
3864
6583
8965
10762
836
9569
2761
5722
2244
944
7655
9349
3586
6885
7000
3816
547
5336
4562
1565
11470
4321
2170
3942
7133
3573
7287
4624
8442
8601
7143
11472
50
10440
1703
4297
6792
2924
4764
2276
1955
10198
842
11338
10072
4480
5314
10828
11769
11804
4349
139
6606
11429
5755
11678
9516
1112
7681
2684
7504
5162
9431
890
1758
5391
11237
9840
2116
8636
9903
2958
6038
8410
6560
7029
6828
555
1583
7746
7763
9436
3823
6340
2140
4241
10845
1027
9953
6407
11730
119
11938
937
270
3135
11267
10586
4029
4078
5877
4391
5726
9301
2734
11001
5819
982
4817
474
4919
4199
4612
1960
3776
6961
4209
10664
3121
10279
11789
9941
11530
5477
5372
1162
8715
393
7157
11143
318
1016
3569
10471
6259
301
1382
6022
8113
3534
815
7192
1717
1577
476
4078
11381
9710
6335
882
1543
4471
9618
11208
10655
2057
2587
7732
6281
9276
4616
6911
4086
1933
1786
3877
6362
5746
9464
9664
6150
11499
8836
2141
6765
1108
1388
7729
7677
6668
9599
7004
2207
10215
3821
3724
4379
2109
10431
1590
7550
6393
10720
4236
8046
8322
1887
3477
11080
2528
645
4770
5580
3860
10539
1120
9343
2927
2041
11350
2048
732
9803
5688
9199
1518
6111
11040
10913
8033
3733
111
5780
928
6731
10715
1622
1846
664
2135
8003
5978
5822
2350
9728
482
4656
5179
6333
8158
5591
4141
5702
11070
11646
7788
8451
4615
73
5749
9627
575
230
9492
7506
2210
5391
8964
5928
11287
6010
9853
2620
8184
3156
10086
7322
3798
11408
2506
2327
11980
10439
1324
8154
9560
9884
6985
4598
1781
712
11503
2290
2033
6478
4133
10148
2290
3213
5376
3749
2489
7587
3900
8675
3318
3129
3850
11227
3514
7915
9315
725
11709
32
10407
4703
4252
9503
3426
830
6165
8993
4021
5294
10448
2772
5031
6615
9515
7777
9886
4521
11316
10497
1960
5520
3961
4575
10214
4170
8308
10626
5729
9847
5864
7655
438
2918
5810
883
6361
5754
7609
5381
7105
8888
8808
3064
5163
4912
1099
8018
6730
4312
3591
11943
6258
6475
425
1730
11958
7478
8530
4727
6673
4034
8252
4218
6282
8113
8960
9973
3778
7239
5476
6392
11645
11405
1247
9883
5871
2746
10704
7521
206
8804
2059
4904
10704
10179
7078
6271
588
8800
1898
8565
3756
7758
5029
5056
7865
11829
943
7449
7042
9282
8471
4128
5636
8495
4246
8247
8251
1127
3003
818
3442
11269
321
8802
11026
2947
3667
361
7845
844
10202
9064
6158
2722
10786
11718
4450
7316
8965
888
2527
11858
1465
4823
7192
9355
4825
10588
7540
8981
3270
675
6148
9553
11796
7163
5906
128
11646
693
8212
11106
2996
8142
519
5972
7616
4762
7890
8014
6640
9941
2260
5775
11325
10389
4549
7962
5752
8666
2502
2746
1940
8389
5386
2057
1658
8294
1122
6457
5495
5530
4434
2596
4306
129
9824
6994
7191
11546
2893
9028
3445
8486
1553
6533
7728
2951
7085
5296
1733
488
7814
8987
6189
11079
3325
10717
1800
947
4679
3409
7050
4751
8024
5576
10325
190
11288
3828
7837
9023
6285
11617
5170
1811
11638
7178
10995
4401
3326
10580
6620
8227
9455
9995
10509
5979
8012
10981
768
8986
948
11563
2822
4892
10778
285
6107
3734
1248
6171
2604
9533
9267
2666
1359
10777
11308
6154
10911
6931
5965
9502
11601
3136
7088
8393
6280
3731
1122
8793
4721
5056
11804
11946
8324
9188
7282
6671
9278
8840
3046
5477
2346
5595
6684
9175
3771
10980
9553
2163
8547
2580
3863
7452
6406
1471
11454
10748
6346
10682
4730
573
5376
7251
4759
2397
3394
618
8430
9121
8724
5668
5914
8069
1792
1701
5278
11730
3820
6928
3194
4021
1090
3780
1070
3749
3506
7407
8751
2165
590
2168
7066
8200
10957
10783
8102
8920
2522
11951
9932
4192
2296
4886
2865
11243
8621
1110
10959
4989
5027
1203
9523
7507
5663
6893
10836
4871
5309
6953
26
7905
10505
6818
11280
8983
8146
6647
1036
4038
8169
6779
11824
3344
1509
9079
7578
6371
3532
7641
7057
1167
10470
2634
5935
11226
2147
6757
4613
4687
10360
875
7563
1981
2768
1836
3201
654
11030
3294
10813
8150
3096
3572
4984
2664
3239
11171
2282
9010
11327
6461
7593
504
1233
1457
4573
11460
11014
2231
8081
3690
10540
4613
260
10767
9821
3305
6104
9341
5051
3293
8869
1884
5687
10714
8642
3602
424
7843
8648
8003
6978
7884
5534
759
1857
7493
9955
24
6141
4733
8148
7220
3269
3194
2029
3604
1435
3469
6467
4547
1958
7004
1965
9458
8271
543
2890
702
7764
3952
5670
1590
4703
10164
8057
9681
4784
7307
3615
1126
10640
1788
6969
2703
6700
5156
11172
2406
11296
7034
2731
9138
1752
7241
6322
5030
2448
6405
8198
8327
6415
7947
6558
509
6043
1280
2812
491
5810
8380
3746
3214
3681
7569
6953
11876
5921
3463
6774
2261
2566
10458
9070
8314
5638
10947
756
2054
7417
6686
11920
6394
11696
6285
6618
10105
10931
11742
11184
2368
6536
2280
7823
1838
10319
8436
10779
2016
10154
11423
6086
3044
469
8244
2142
5600
7972
3852
2818
1641
5291
3859
5807
9104
11783
854
6144
3428
7772
2370
548
1924
7812
2824
10254
9504
2310
7488
402
4180
4954
5607
4916
8015
11859
2233
2860
9816
3212
2153
3927
3906
11429
10530
2526
4670
5408
1389
301
5350
2512
7099
3542
3686
6191
3249
11004
8529
5946
96
3073
6425
3407
3767
5010
1428
7793
1897
5149
1064
7868
11173
3508
10330
3758
2475
7162
6052
6563
8889
8017
11663
2716
2763
319
9576
5376
8382
3243
2896
8871
454
4342
6041
4333
1753
8445
1139
5111
3634
3706
7709
1447
11029
10131
5112
11097
6689
3733
8682
4193
2032
7862
7182
4641
9894
7815
1392
6668
9801
11976
1110
1909
11118
8076
4785
1479
9432
3009
6205
7006
9057
769
6354
2408
5307
9645
11529
480
423
4707
11198
8900
10603
8941
10861
7308
4509
4005
10290
2419
12
3679
2055
11887
7546
3465
7111
7725
5602
10595
7494
6598
10288
3871
4824
3108
722
8316
7283
7484
5234
7504
3173
6640
11898
4778
3885
5581
911
11170
9262
8479
1611
2941
7847
5459
9650
7041
9395
10278
3918
6580
1292
5510
2255
2604
8149
3750
1794
6963
10867
5548
4019
2016
3848
11422
10155
2204
4788
10238
5476
2156
617
3641
3454
8098
3687
11933
329
11684
4171
874
1803
10220
5903
11444
9981
8384
11539
1334
8508
2095
2911
6301
5068
5115
7860
1007
10963
5242
3550
11042
9446
1638
10463
4101
7824
5867
727
9089
3020
10635
11362
8977
4369
10028
9260
2748
10877
1207
8367
5609
4985
2050
6544
6885
1099
2165
5970
11612
10686
1996
6705
2824
8724
10378
2185
8895
8599
986
9912
4012
6235
508
4504
5976
3333
168
3525
3998
4036
11419
1151
10015
11153
10127
2746
279
3304
11535
8800
7601
874
2535
1447
2550
2667
4488
8928
8357
8421
852
6845
8909
11107
11306
7985
4388
6938
7839
10702
8571
10527
465
3534
1638
5411
10725
4706
626
6393
8108
1558
6190
11693
7783
6737
9397
7879
9696
5075
7564
2864
3152
7639
7934
9933
7421
5267
4054
867
3660
3231
212
4686
8666
9262
10161
6299
6481
3175
11551
4635
5796
9773
1145
2324
5403
7403
3826
3002
10600
8732
4785
3602
10507
3772
11018
3714
7661
6123
1339
8166
7058
7609
1619
4411
5969
164
3803
1165
10407
10822
9490
10903
11050
17
9483
6402
4683
11253
9663
8511
6936
7200
8935
4574
100
7944
2685
10706
4249
8867
1332
8156
2657
6979
6011
8452
9712
5140
4282
9835
5023
1589
2015
6713
3371
11651
1163
4419
2427
1173
3162
1506
838
5464
17
11156
4326
6930
1883
5949
4843
1577
9046
2356
3661
2749
7699
8707
1390
6130
753
7275
498
9052
5155
3273
2824
3534
11799
3149
11839
10241
5090
1507
11101
5672
578
326
2412
1439
4804
7826
5543
2337
11613
11399
10245
7188
11670
5512
2410
3103
10765
5267
11785
11766
11723
9523
8549
3775
6345
10064
10406
7821
7792
3241
6435
1608
6153
3837
7067
968
2710
11594
2903
6458
11489
2949
6934
3037
10151
1940
8858
10037
201
5075
2754
1631
10636
3173
269
10451
9807
10749
10794
4681
1273
8444
9740
185
2716
2377
10113
9657
2759
9932
8947
8713
2648
2622
11000
2113
10190
1085
1256
5892
10241
1105
1337
7241
9244
756
2808
3335
929
9328
2724
5088
2268
646
1355
9914
11132
2742
3122
3140
3824
4483
9175
4566
9788
3900
3840
10914
4228
6362
5331
8603
11296
11587
1658
240
10654
10665
9599
6641
906
11873
5870
9922
2318
6969
5329
8388
2602
10006
1053
4413
11323
8398
7579
6405
10520
1051
9370
11224
3673
797
11768
8046
11968
4227
1171
8682
6048
1190
5193
10737
9074
827
5733
10773
2840
6916
10678
8768
9115
2681
8893
6676
7037
3877
2652
2766
4577
1048
7405
3717
3475
1321
6975
10031
2995
4889
4799
5381
6017
3578
2778
4888
1609
8423
538
11054
5209
168
3644
9256
8895
6897
3283
7194
5944
10714
2402
4573
2009
2485
6050
6571
9697
8062
6849
11274
201
5256
8068
3268
2876
2057
685
980
5232
1096
3118
2102
3824
5375
2966
5579
6852
5556
1166
8155
8030
1838
6362
10360
2381
1497
9086
9062
10096
4637
9534
1383
6446
5497
7245
9750
7995
6892
1903
254
5906
6909
9797
2287
6189
1948
2132
6469
10033
6513
11421
8522
1126
1858
2602
10505
975
676
10353
174
7688
9452
11180
3835
571
11941
475
8059
8116
10422
586
11037
4530
5963
8282
3111
7981
6853
10649
4144
6064
5734
1493
10889
2724
8606
3742
6461
9989
8989
3143
208
9333
9983
710
11959
1354
1734
3918
1614
8687
6105
7571
9463
3647
3820
545
2323
7130
10405
2295
7787
4608
1470
11038
7336
8803
1674
1961
8987
10731
8698
4585
11385
5299
8078
5579
11912
2455
10523
10884
1374
8178
10559
6884
11220
9136
11922
4714
4014
8890
11058
10391
8027
9811
11424
4555
4287
5655
1969
11012
3374
4827
9276
11026
7445
11843
8249
8536
8665
6365
7108
1969
4190
11408
4608
11257
2264
10916
7003
11958
9732
9914
5202
10055
4421
7747
8913
3025
2364
8709
2243
3231
1682
8413
8326
4425
10266
8782
8961
11386
6981
1356
11120
6198
10167
9869
9324
633
4564
2642
1514
6370
579
9327
3953
7467
11934
4873
6047
2547
3240
8351
8646
5551
1965
1337
3498
9736
1456
69
8929
5750
7394
1432
9685
9154
7013
1052
9067
7687
819
4405
9035
11861
6326
10802
4947
133
10415
9476
7887
3974
7500
2757
1261
6512
10505
11361
7410
11295
4969
5367
4408
6830
5194
5275
9094
8118
5399
10769
9532
2328
6200
4434
697
10040
9508
3632
3132
142
5085
4121
5618
9550
3488
9707
5655
10273
7040
9353
5560
4208
4702
6620
1487
6169
4400
6196
5467
10207
5313
10477
2788
7219
11070
11790
8600
5106
8537
6811
4562
430
6012
5104
8717
10547
7175
9416
11414
9624
8995
11492
1250
737
9107
5631
7385
11413
10750
5085
6428
9509
1415
5605
7328
280
10724
4069
4225
7731
11805
8096
7192
4042
10595
4895
8117
1902
9000
10357
1690
9999
6715
4467
3502
3687
10793
636
738
5070
3671
2359
7765
3218
3393
6874
3102
208
2114
10102
7862
9948
10788
2092
8665
8392
1038
1594
2380
11855
7738
10082
9747
8485
9693
5675
5973
6790
9130
1878
897
2277
7270
4911
9104
10776
11320
4625
1568
10988
7580
3650
9019
11038
4154
7324
5110
4528
4842
7377
2863
2581
11346
7051
10498
11836
11798
6417
4876
10098
11860
2179
8219
3557
8306
59
8574
4
6003
6143
10732
5393
5582
4109
9843
10416
869
2303
4935
3390
2271
11942
5884
1832
4825
3452
7051
9483
7513
2105
7901
2360
3697
10515
7358
10585
9175
4499
474
8244
2349
3978
3189
7515
8430
201
11541
3518
2300
8615
9618
5075
4847
8965
3893
9573
5073
11031
251
9548
11158
1452
10125
6422
1936
4591
9564
8943
11888
8248
11948
2489
9712
7271
7172
10261
11014
8684
3794
4690
11319
8981
9500
7096
4819
1543
11638
3612
10741
11908
9227
5854
7123
2680
8935
7600
7058
6418
1968
1889
5053
5597
10640
6528
7249
4080
8588
3870
2531
4041
5177
1069
8412
340
6578
3646
11649
10651
11333
8248
3083
6406
10926
7936
11102
8712
9949
5075
4330
4880
7882
11118
1859
5060
7375
3074
6283
10702
62
7427
5226
7186
10575
5477
2786
1920
4300
11857
7491
2579
8827
9898
9825
3877
2665
2054
2316
9375
11926
6280
4420
1318
6088
8515
9047
6323
5820
6910
7650
3997
8989
7371
8109
9159
1603
4302
2468
6313
355
5063
1673
11395
8773
7740
4003
4523
7671
11206
2752
2599
6689
280
2995
10094
9131
6930
10900
4193
3154
9016
10057
715
8564
7010
11697
5829
8025
4386
11418
5547
6470
5066
4177
382
4793
7345
9835
8221
11621
2136
3385
6615
6046
6168
3330
2171
614
9929
4217
7546
5735
7714
9438
7819
11831
7030
3735
11591
4166
10915
5626
8165
11197
9389
2117
2498
8647
5316
7563
2347
10190
11351
1416
3156
11700
4442
5912
7689
7491
559
298
1280
11768
6799
1312
11804
729
1007
9935
4063
338
8301
8226
11295
5711
5545
11223
11818
10404
927
9317
603
11589
10126
4499
3654
172
3401
1045
5533
7356
5114
5922
7259
8974
4679
10136
7029
2130
9923
3698
3791
5254
4071
11598
11725
602
294
10317
9982
1603
10756
5969
835
6111
520
1968
10442
6720
523
459
7913
6742
3889
7328
4266
11258
10513
1656
3038
10886
11669
10855
944
3444
3755
10469
7978
9667
3912
10799
7652
1430
2320
983
5865
10675
6392
11077
4948
8254
6860
11912
3934
2407
949
5196
6952
2374
3340
2273
10885
11865
5565
1385
5014
7677
771
2026
5387
702
5442
9124
4955
1879
10722
11281
11308
8365
7401
6219
10902
1253
2418
4792
2174
5634
886
4624
3783
2599
2226
5388
8455
5003
7869
155
1514
6375
5311
1018
167
5298
10963
2281
2934
11923
6272
11086
8401
10977
8029
7165
4528
10690
2547
10733
4256
9521
581
8117
5991
6394
7394
763
4791
9342
2288
8649
7681
10036
4231
9862
2492
3630
851
6282
5999
8680
5138
10787
1826
4559
1585
2290
7748
5939
7328
11211
5421
7270
7971
11556
3522
7078
4363
6877
11422
10073
1489
1691
11171
4645
7932
3743
2566
4256
10041
5628
3370
11583
2975
6789
6535
5956
9224
6808
4377
11705
1957
8153
10106
1488
3800
3187
7989
490
7083
10278
4676
4580
3613
11188
7760
4101
4253
2731
11701
6903
7283
1802
1535
3548
7565
6373
11572
2351
1950
3996
3329
5931
8138
1542
2512
4473
2394
1600
2613
3663
8075
3941
11018
3481
11786
8848
6045
9626
11356
2877
10384
4262
5413
4745
11693
11142
2450
7549
6895
1811
5638
9430
8809
723
6459
6025
4189
5511
7413
707
3183
4489
3563
4623
3362
10677
8628
7921
11140
8188
1606
6322
7363
10787
6607
3335
4203
7747
9574
5908
1210
2827
5034
6211
5513
6268
5789
10513
2597
1166
6615
1723
1996
10385
9618
1218
4405
6385
5769
11920
11376
9918
8471
6400
5710
10478
10648
10872
10040
11734
10913
4486
6786
2857
6778
3201
6833
9746
7661
791
2689
4577
5621
149
10811
3965
9285
2112
946
5190
358
2359
4003
4528
8396
11748
7903
3681
2183
5551
9235
7626
5119
2610
3280
9873
9406
249
10051
5254
9656
9123
9485
9745
4672
11750
10797
9706
10729
1541
5209
9085
6576
1481
11887
4729
9696
1405
11894
8882
988
5950
2331
2269
7152
11761
567
8897
370
4422
2540
2721
11795
10854
1639
6833
2394
5534
1481
7615
363
8945
11172
11511
6147
5987
7207
8649
440
2927
10187
7491
7230
5507
829
0
2917
2424
8557
3551
4046
1237
6964
3828
1920
4020
4024
453
2559
7739
4702
5899
6997
9318
1885
4404
9848
7767
6159
1250
7345
5483
3912
11645
9726
6001
8641
4813
2903
9949
10026
597
741
891
9474
4923
4087
7952
7297
6965
11846
4804
11554
8631
957
10575
7804
235
2024
5630
10652
6747
1649
7964
7900
2996
9207
6030
6530
1528
2820
3400
8433
9478
4717
3490
10910
2942
9946
4879
10477
6760
4601
5359
4336
10421
241
9897
102
9059
8101
8039
1006
25
11
10090
10753
6507
8577
4497
11573
11960
7230
9415
6752
8864
1187
3282
9000
4327
9133
4536
6520
7566
10606
9199
5509
6078
11641
11093
3006
6546
9091
2834
3658
1060
393
6513
9922
11238
6181
7087
7596
10083
8190
11062
1291
192
6341
7886
7559
938
10654
3771
6892
2730
1830
3267
9636
3287
10887
8951
5113
1036
3107
1969
5851
4332
4942
7925
1781
2146
4058
11745
10636
8204
2887
5689
2517
4216
10349
521
4689
8981
7272
9146
9143
4518
10201
8633
2331
2268
9780
597
5714
7579
9882
5240
5343
7247
9883
5161
10702
6880
7210
9161
5379
2125
2275
5787
10881
538
7375
1241
7976
2917
2896
2544
3482
8403
8358
10476
6219
2450
6334
11849
4127
971
6265
3013
3099
5553
10404
8306
1122
1563
1859
10249
4618
3319
6709
6840
7642
2163
4590
11161
4690
8385
6966
5778
6350
8362
9422
11065
9874
134
9908
6570
4010
3806
8750
5958
10995
3758
8543
4799
8631
11596
8713
4626
3698
2086
8584
6181
8693
1034
10184
7687
6987
6119
7837
4193
995
3167
1751
1736
7772
1168
9342
3028
8692
9515
2974
5779
2513
4551
70
4543
10032
11446
7221
6096
9966
5734
9973
852
1379
579
372
2751
4102
6864
9170
5270
1049
5677
6706
9879
7241
607
4099
1251
7497
4407
8239
10942
10446
1215
384
4002
423
7437
6844
5125
3217
7735
7259
452
4332
3252
9417
8039
1555
9296
9318
4237
9097
7133
7409
4909
2411
1386
2396
9377
1065
4716
1015
1409
11590
9048
1388
1314
1270
3550
1308
8326
7151
7903
2780
7000
10285
1075
6627
3221
3349
8940
7709
669
2252
4450
507
11257
11161
11989
10346
1014
5678
642
9458
6366
6450
3781
3385
2396
11483
6210
9872
8939
7815
11555
7456
9785
3897
5187
4381
3180
9164
10088
2239
6097
4735
6511
2935
8339
7068
11109
87
7599
586
11395
6917
4954
5935
6995
1957
6043
9484
8078
1584
8309
7055
7684
10433
7223
6589
6378
1131
8248
2561
4714
1653
6611
7443
7457
1673
1549
10360
11327
930
9744
10328
11233
452
10000
9058
6539
1858
4039
6286
10849
2551
4368
6964
10123
11715
7715
4351
10639
11420
5430
2181
2397
4934
465
10525
10984
2515
230
1858
5772
1485
11598
10057
2512
2340
10746
7636
11949
9901
8266
5570
3043
2189
7116
9334
5713
9803
9499
10581
5701
2885
8638
7943
3234
7692
2689
8957
9632
9822
10660
7937
1792
10803
10203
1866
7728
4589
2580
5989
4865
6835
8797
2751
795
6498
9101
6103
1478
4333
7507
11898
2582
4282
5920
10242
9763
11545
4685
5117
3082
9290
8025
8461
9624
2513
3847
10112
4554
4447
7770
7639
449
6245
7015
11062
7655
10312
6900
8805
2781
1712
3221
974
8125
485
5694
2149
5875
510
8838
355
7447
1709
7411
3742
10055
5956
3418
7737
7890
8920
3189
5009
3804
8430
3712
6617
1369
8567
1595
9016
6504
11751
5528
356
543
10506
1972
6617
10738
4391
6122
1574
7562
3730
5773
488
9097
8325
10765
1596
10900
6276
7050
8123
5391
5292
2192
8497
7688
10563
2264
1810
9206
11305
10575
5289
3966
498
2597
10667
3710
9163
4701
6799
8283
3616
10924
749
11652
3797
47
780
1060
563
630
4304
3445
224
2384
5815
9146
9224
8450
201
6297
6910
8623
1539
9977
3781
470
10597
8261
2356
1541
5751
4776
4015
1509
5867
10181
9678
10094
11941
3199
1118
9011
4876
5400
6995
9940
7797
861
1357
7646
4600
6205
4422
5906
10222
10159
3839
7780
179
10889
9450
5010
7424
3809
7713
9992
11429
369
1528
11757
1610
5540
3079
4799
10858
8297
3637
344
848
1328
10921
11777
11254
11545
5646
1485
3623
7636
338
9237
9858
3035
1251
484
10660
50
6401
4630
5209
11801
7309
6268
5534
8746
6896
6863
5669
6209
9334
6018
4636
6208
7281
680
11703
3280
7980
3103
4023
7622
6142
2298
4949
2008
8289
2957
1718
3354
8438
2457
4125
9617
514
6596
987
5962
4842
2061
10823
657
8304
2426
11160
5126
6474
583
7230
11901
7049
10040
5525
10954
11314
4407
2841
2899
10196
4640
2854
9060
9605
5266
10186
3191
309
9797
10102
1856
6529
1972
629
2031
8689
1181
10825
1456
7470
9586
2303
11582
2341
10970
6873
10642
10139
3211
1191
5495
8097
9572
3892
7283
2873
10584
5434
1797
6665
8375
2191
10667
7416
6627
11896
10000
8443
2148
9517
11127
3434
10141
1034
9358
5847
8813
11281
3410
7127
5805
5128
8205
3993
11222
4800
7204
3168
1658
9907
9273
10499
4633
3076
9241
8320
7237
4621
8938
215
8551
676
4400
7987
8534
6617
5289
5693
596
5253
4241
2032
6951
9448
4971
7155
9096
1260
4370
3122
433
10574
9690
6806
4035
3404
1078
1930
3927
1697
2336
3240
9079
375
6675
467
5363
11786
3628
4779
8307
412
3916
1858
8318
7815
9191
7503
4341
9250
10979
3844
3533
1292
4022
10802
11553
1977
11380
10320
2463
3612
2228
2222
10992
1387
10276
6192
5022
4261
2986
2417
4743
6324
1560
11873
4703
4960
8635
11995
10356
8609
5177
677
5240
1759
1815
5054
7027
4077
1079
5455
1985
2142
9600
9221
4222
2264
9244
11723
4179
11199
1509
2968
10377
6314
4183
5620
9271
7885
7361
16
6386
9620
3354
7964
11477
7451
3852
9622
7524
10784
11899
709
9737
9058
9811
8543
485
3411
1134
3121
7256
2636
5034
3474
1204
8301
5225
5931
9777
8050
10636
1764
2140
2577
3428
2802
8785
2582
11821
11194
686
11308
2381
1374
10796
3816
7015
621
3383
6157
3809
7215
8911
1950
2267
8299
11606
2615
2096
936
11803
2587
852
11634
9391
6364
3148
3813
8309
48
4984
3218
1091
2308
10944
6173
803
4267
1573
911
5509
2832
3224
3858
3517
7297
2946
10767
193
6827
4726
7075
983
6489
447
606
4577
27
9381
8901
8773
381
3847
5050
1605
10219
9909
11766
9697
8349
6477
5769
551
5842
229
9194
9646
65
7009
1791
6678
5565
11097
3112
4240
7812
5818
3636
2416
1350
2404
8013
10463
1690
4825
77
11741
8573
2557
8270
8438
10787
6761
9341
10405
7741
356
5913
1542
4327
764
5523
11713
1347
9795
11144
10010
9876
8243
6036
503
4425
11203
10900
8207
619
1910
8866
3010
6328
3165
1767
10746
10794
5925
11452
7269
4306
6616
8521
11612
5284
4056
9976
3756
8402
9548
612
11474
4461
5797
863
10922
4231
11761
5884
11355
8292
11341
9291
1282
7187
8051
3815
9824
10769
3349
4491
6759
8611
3286
11595
7895
2717
434
8670
926
1488
11774
11322
4792
8011
6272
1310
10844
207
8351
5615
6760
9260
3269
3675
2136
7926
5614
11961
2095
5997
10715
11299
8009
8102
2709
1047
2554
7438
2320
9267
3855
11730
10118
3438
2330
4828
9091
8087
4140
2826
9833
11835
8761
7455
4430
4928
9220
11717
1381
5249
1927
1348
11421
6051
8776
8671
11085
4387
7346
4735
11179
9207
11543
9429
4997
10516
893
1273
2231
3809
1984
7166
8941
7134
4156
3136
11808
1679
3601
8451
10049
2740
11367
6978
6999
6151
11550
9729
9258
11984
4109
4827
4681
10343
4216
5896
9149
7496
953
10969
10138
10386
6455
5489
581
9722
8192
8842
5303
10417
129
6064
2525
5017
4869
1021
6538
11111
8653
6282
8516
9324
2242
306
10875
579
1182
2273
8163
9729
4879
6992
644
5405
9147
2814
3124
11184
3539
8335
11404
10622
10784
4862
11975
10695
1027
3298
7095
4441
6352
6004
1384
277
3181
10595
5355
10513
1683
1360
8036
6978
6170
9079
10891
9521
4771
11490
10694
1240
2271
2553
1852
2908
11034
10842
2857
11939
5304
8013
1120
6536
3956
1311
11413
9361
3885
9386
3426
5060
755
10435
1706
8437
5686
5822
236
8841
7766
768
8464
7513
2851
10562
11311
10160
5193
4017
6976
4972
3761
3445
10868
10562
11929
4438
1971
2991
3313
11101
11277
6101
8079
11078
10601
6736
6876
11871
6187
311
11896
5382
2951
6285
10106
1499
6031
9663
10776
5745
10518
3589
7793
6659
5819
5342
991
1509
4046
5757
11907
4332
4141
2115
9838
3999
9177
4960
2007
8125
3304
4105
862
9118
7308
4262
10208
9526
7525
246
9850
5046
96
7666
5851
5196
3098
1245
10227
5613
7028
3672
4067
8298
3472
4815
5575
8865
8466
10655
9401
4942
5129
7008
9909
11387
5613
3334
8661
11777
3226
418
11395
7931
11796
10671
2179
9778
2891
11072
6186
4879
8508
6444
5639
286
1104
786
45
7111
10615
8841
5656
333
1096
4805
10421
804
4166
4340
11273
1307
4166
1499
8655
5725
3213
10181
10544
2002
10863
9940
8995
9552
7069
4729
4392
2107
6430
2123
10074
7781
2431
10027
4888
1159
4455
11670
1538
3760
1783
1823
8140
3044
9635
7766
11500
6390
4500
9388
2962
5047
3574
6171
5458
6060
10080
2402
7498
1541
555
4063
2407
8341
11924
5219
8951
11336
7186
544
8759
3994
11085
5799
8629
8735
10853
7579
9771
8853
8409
9615
5435
1361
4904
7179
9165
10099
8488
3809
6010
8790
1481
5628
2577
6504
11847
7932
8673
11027
9918
2536
1539
9171
10792
6515
7355
10896
9638
7527
11647
4323
7334
5823
4675
9375
9463
357
3595
2696
2612
4038
2348
7923
260
9257
2745
3061
6245
3203
83
10847
6847
5295
5907
453
9019
2211
1161
3762
4072
9560
992
4625
9352
9129
1839
7190
5012
8963
8223
1291
6935
6172
4777
7328
8173
11446
4567
7699
11991
7605
3649
1060
9655
10407
4063
5077
1566
5881
9104
11238
1174
3127
5715
1516
9271
311
9257
3281
9883
7003
3626
1811
9897
5558
886
9161
10890
8379
5043
11826
7335
252
2497
11781
2426
9775
4985
3924
5212
7039
11425
9842
8561
8312
1122
1012
10667
6326
2162
2199
5392
5127
3586
7738
8687
1063
6072
5793
9642
4573
9377
397
3442
818
3652
8169
7567
1010
10037
10099
10007
8473
11543
10662
5119
1970
8276
713
2930
11816
5427
9266
3264
7506
10199
2188
11042
9341
7014
3263
5390
510
10826
2740
10939
6544
6261
4632
10723
5820
5571
6499
6566
6015
5023
298
10675
2869
3348
6128
1309
5623
3284
2274
8045
7723
7976
6987
4029
10090
4160
11726
9990
7274
9565
2375
9456
4250
8828
2025
8694
7388
6536
6394
4363
7297
11565
4820
2657
3817
9975
1994
5951
6301
8065
2188
6522
11663
8954
740
9849
2316
9208
2897
362
4184
10533
5840
4167
9352
7444
11846
358
10765
7082
8996
5021
5515
1980
708
3768
2808
2614
10610
11947
6627
11926
2842
8140
3391
4795
7911
622
3597
9577
2509
7661
7442
293
6520
1338
11866
9014
11440
4586
10257
6162
6034
2607
4191
8173
8805
4654
1154
4901
9150
10369
5111
1580
11641
4423
10049
5899
10889
8187
4340
7901
5757
5438
9755
10892
11463
10867
9423
11492
10194
9158
7810
143
3331
10926
8933
8121
11269
9568
4623
11002
5994
4324
4510
28
9255
3390
1734
11503
9072
8886
9044
4496
3744
4814
6983
6705
11212
3823
7285
11107
10739
6683
10396
2411
9377
9810
10199
5855
3516
1040
3575
5968
52
3988
1340
3289
8325
6970
10391
6787
8935
3365
8564
6854
940
8647
3772
2299
624
5000
9350
599
9148
9518
6402
5972
2899
2416
5056
6441
1176
3546
4099
1096
3087
650
2386
4129
7156
3426
11694
10986
5104
3364
3372
6111
11624
4697
10190
3288
2698
8447
166
6446
10137
7684
5015
9060
11445
3516
9946
5959
2040
6175
2151
280
5037
3759
8214
6792
6423
10768
1938
8486
436
9512
5818
4534
11331
9799
5363
10187
11396
4019
1946
9091
9261
1786
6610
7744
944
6790
4440
8484
11004
8297
8689
5369
2344
8963
11684
8733
4862
3173
5925
2938
5085
4112
9390
10002
11308
9026
114
1265
9467
6919
2575
10179
2115
2929
132
3529
8297
3119
10011
10067
8026
8231
5808
518
5273
5152
11458
9345
9977
8405
3846
2358
2583
6946
8979
9484
3959
5859
6600
2404
1274
6239
6623
6786
8534
11637
11493
1970
934
1878
3784
9716
3069
6913
1884
11551
240
8506
4518
9690
3734
4226
5173
7235
2911
2058
138
5519
7299
3356
10945
3956
619
503
5360
4646
3791
11769
10947
2266
3405
7233
3306
11373
10058
2563
5702
306
11137
3532
5675
3233
7263
9824
5542
1634
2573
11555
5349
7701
4393
317
8880
590
9563
214
9762
10386
8798
3441
3484
1876
10940
9426
10305
4900
11818
355
3596
2003
7651
7111
10076
5569
4555
222
6644
7305
7673
4391
7275
3153
5818
2457
8379
10160
251
9390
2528
2749
3300
2941
2215
4116
2030
3074
5448
10055
32
1085
11591
1590
8594
3537
6722
3154
1163
3701
3107
8787
11984
167
5031
2013
7102
569
11296
11548
7741
10113
1091
2837
10082
9648
4760
4773
2004
8461
6112
3473
6190
4836
10529
5100
8222
2563
6978
1035
1902
10218
8386
1509
2028
7924
1441
1911
9179
11693
10000
5528
9823
10070
3624
3328
2163
11947
8629
5700
5595
11830
7135
4650
3532
5648
4214
6010
1564
4446
4083
1584
3545
2818
11647
6906
1149
3930
5301
3452
5835
3286
11015
6619
1843
9093
10060
8716
4996
8154
5616
7433
10523
4674
8586
8920
4003
1186
8548
2595
745
3983
7665
10223
2524
4062
9657
6513
8584
8479
641
4692
10162
388
1652
1938
2534
4708
10098
6535
9668
6425
3182
4787
6061
2035
10521
7434
2200
5409
7665
6281
6308
9562
9247
8157
5632
5436
5669
11078
1537
9680
2986
10625
11999
3794
3652
9062
2831
674
10216
1596
9100
3682
844
9467
616
3792
10748
10146
6321
4234
9067
5002
5538
5198
10765
106
7716
7774
11307
662
259
10254
10617
9659
10389
7213
9817
4873
1703
6527
3683
5212
1242
3525
5557
3669
4300
6952
5588
11789
116
10211
5765
1559
9791
11581
8076
5037
8382
4674
3456
11752
4119
5323
6836
1096
1026
5447
7647
1424
8972
4119
3574
3431
7280
1155
2105
4693
2504
8951
5638
8856
3834
180
1412
6969
10813
6116
1471
1887
7692
4917
4147
11358
2674
11206
1222
1617
2702
5549
5983
4789
3138
1170
6776
264
8826
7287
10488
540
4475
1937
6529
7582
6172
11955
2441
825
65
1969
9188
10300
4861
9883
7444
2123
1750
1207
1900
6759
2759
5001
4635
918
207
3802
9002
3921
8126
3071
2305
8523
10885
6073
10691
10926
7228
3973
1202
2651
3053
10108
11920
6355
11962
5971
5329
10432
4513
416
2797
3391
1534
8871
3026
4497
5513
4085
10803
4034
7251
6010
145
4867
8410
9822
4113
8545
4444
5979
10100
2256
8643
4341
8329
9299
10618
8018
4592
5506
7543
3496
9905
9208
11817
1991
11825
2797
4537
6584
2581
11895
2302
6876
11971
1322
3303
9244
8108
5781
5564
8681
2724
1089
9393
9372
1558
3272
7707
9712
10717
1521
11907
3477
10545
7194
1286
8118
7583
10535
4742
9896
601
7678
4610
5632
4505
4765
9967
2286
2068
7640
8573
427
1999
8598
8871
11828
745
6045
10060
9016
2764
6704
1237
11549
5624
3118
5974
8105
10373
7727
8388
3195
1997
10680
4929
2344
11621
3800
6530
10082
5234
5769
8653
6870
3306
5580
7985
6316
1528
8744
2155
582
7263
11444
6804
7854
8904
2005
6701
5069
8425
542
357
1777
2791
8540
639
3104
5725
6374
1420
5234
5452
4441
8131
1631
8630
6543
6304
8458
5563
2583
10827
7171
7096
3392
7585
3285
1256
11620
536
8559
5761
1164
10987
1600
6902
9480
1949
4947
147
8373
6940
11118
10935
1533
5428
11978
3691
5055
6382
10934
7033
8596
4953
6069
9385
9573
1347
8272
7928
946
3240
9722
834
10638
1881
8831
2153
1527
5087
7765
10524
1233
3835
165
9027
8508
11007
11480
10085
6106
9083
2528
6160
2363
2166
2508
8378
9486
6715
4575
10801
5669
6714
7473
4166
4730
6744
381
11295
10751
4509
5231
7185
6545
4877
11168
11965
1391
6322
7688
8416
1455
11907
2171
1717
9748
10545
10080
11338
7211
8250
4082
7655
8655
11456
1661
10980
6789
11201
7459
2001
6487
8092
2714
2547
5657
1434
5557
9638
6759
1771
796
8436
7996
10310
11983
10542
1619
9313
10158
7425
10519
516
2599
2430
3428
1998
1241
839
7588
3620
10107
3897
1572
7333
2195
9490
4283
9042
2709
9351
10709
1641
5309
2182
1103
2031
9313
6043
7590
4542
10313
11590
968
11168
8644
10487
659
9369
11439
287
8193
4944
2742
557
11577
10555
2189
2752
4107
7983
2231
6585
2848
8059
2713
4112
6995
6419
1785
3717
4740
3853
9732
3454
3019
7008
3235
6867
1637
8532
11918
4480
5812
5506
2709
4527
5027
7097
660
3312
1389
6857
5256
6761
11272
3941
5143
10238
6082
2749
1345
5659
1354
6107
3636
1199
133
7076
10692
9560
10757
10843
9948
9824
6650
857
1812
3327
644
6519
941
9778
570
1157
2735
1999
8541
10941
2049
8268
7330
3555
1295
8073
3648
6111
2699
6456
9883
6715
4423
9758
2991
3492
577
1610
5768
6594
4863
4473
11571
8801
8650
4771
6879
6845
2732
10882
666
6399
5866
2741
5607
10950
4342
11782
9497
2317
7463
187
6051
645
7720
1124
2382
11960
1795
4660
5936
4177
11226
11478
4601
1540
7608
318
9933
921
713
1216
11087
11297
4680
7164
2048
11949
5640
11746
5170
7519
9759
1576
11746
9045
5549
50
7513
9459
8703
4950
3488
9758
11355
2871
6412
8152
10760
2233
6352
9004
846
7795
7650
1194
1898
3146
3402
795
2833
1566
1062
2550
9124
9914
3497
10615
3347
8919
3991
9392
10680
6258
1180
2003
10342
10208
8795
7065
6089
1503
1355
3902
4286
1155
594
194
10917
10541
394
4288
9096
5003
10419
988
8217
9483
10366
10661
4814
6366
3929
4792
11554
5793
42
8921
6458
7079
8884
9928
1537
4681
1371
11185
471
11347
11528
9879
4785
4574
9077
2097
9181
2484
7070
8851
11242
1450
50
4165
4701
541
4426
6780
4766
8838
6238
5679
8697
5125
4387
10803
922
7267
9646
1764
9418
2688
9409
1263
879
3991
7184
6098
2456
4615
6161
11295
1359
2748
7991
1859
8612
1374
9046
2007
11543
10380
4915
7438
9314
9048
3820
10365
6855
6096
838
3461
7012
3530
5527
5750
4566
6185
5494
10688
955
8696
3881
10313
5111
11962
5474
11300
7788
7830
4298
9109
2058
3753
9068
9165
7377
10623
3730
7103
2658
2727
6638
11586
9301
11020
7485
5069
3873
9339
2178
6113
6412
6227
4196
5440
3831
2218
10739
8942
4904
10172
11122
6150
11610
4274
3383
466
11301
9705
4931
3520
9285
9828
362
10508
3787
6856
174
4234
3155
1558
157
6794
2310
5428
577
1447
4068
1071
11083
11215
6866
7230
7360
5078
7777
3873
11105
7409
8397
2250
7735
3330
1234
559
564
10233
3723
59
1762
11489
11762
1011
3459
10651
8923
8740
8732
7041
3004
5391
7968
4593
8594
2653
9247
9171
598
738
7885
5342
9412
7321
10179
11658
5473
4969
9641
1975
9400
726
2667
9254
11710
3064
4573
9420
9356
5347
6334
564
4869
7245
5124
10675
3825
4179
11881
9483
11733
7948
6638
2727
71
1095
9256
2237
11351
5371
3433
733
8446
8798
3542
82
343
2415
10806
1989
10594
2680
7755
6693
4361
10791
11656
10252
10902
1888
4712
8299
10631
5107
1400
7955
3627
9887
5148
7614
3518
2736
7835
6863
3115
5815
8252
7605
11
6238
1634
10713
11538
934
9796
8141
9063
4159
149
2388
5562
9474
2019
9583
9702
988
10182
11177
2392
2150
8455
8342
9845
2077
10399
6653
4581
9683
7858
8477
10727
2312
9066
4742
10051
6577
412
4352
4862
6343
11775
6490
739
495
4390
421
6481
3164
824
5122
6293
11495
2425
5182
8340
837
6939
11899
6233
434
3596
11333
1838
2160
8990
6344
1004
862
6453
1203
8367
9082
392
7384
9349
3648
11203
7482
800
2645
11855
8929
4403
10694
4187
10302
5066
4275
3141
6472
7963
4990
8857
6731
2701
3191
7536
8232
1315
7340
381
3704
2325
5750
3662
11388
10086
9019
104
452
2953
9516
341
10965
3494
4702
8976
5477
7062
7852
7163
3906
7464
4920
6166
4107
4340
1826
10426
1882
5993
6368
2015
11696
6043
11243
5141
9385
215
9350
5498
2501
8863
7575
4750
10649
9574
6662
9369
11289
10253
6619
1240
11958
6522
3204
3167
11718
8121
9647
7333
8866
7179
8627
3247
6548
4800
862
3399
2902
3364
8302
8011
11715
2252
7966
10800
3282
430
4918
5512
3320
2379
7604
298
187
8306
9998
7600
7595
5414
522
7234
7167
4193
11628
3785
860
2272
8209
114
9182
8319
7712
6989
9555
7811
9821
316
3865
9175
5027
6354
11363
4904
9196
5550
2537
5664
7388
5280
9493
8269
4753
4768
4511
4576
7227
1875
7161
3943
10061
3185
9253
6813
9862
11967
8306
3362
11891
3089
1927
6787
2770
9873
5607
9940
7536
9105
6896
8417
1161
1083
3838
11078
2202
9591
6687
4131
4135
36
9608
3527
6265
8835
7010
10324
10731
1152
5523
3033
3187
7727
3349
3655
8167
10311
1848
4158
5900
1572
3681
1644
3562
2922
9678
3242
10438
6726
870
5966
5431
1789
10683
8389
6624
10714
7286
9863
8266
2908
1483
11421
4616
7513
3184
10118
483
8399
1685
7715
3088
6672
1408
2989
7052
8727
1628
8846
7863
3929
1951
6539
1072
11387
8895
7953
8781
7
8925
10772
1637
229
7631
4759
5615
1259
9487
12
6247
594
7713
8164
8809
10835
9269
2940
9077
8428
3826
9319
3858
10037
5854
8700
11407
544
3481
5130
3108
4543
857
10512
5506
6226
10032
11092
11790
9164
10136
9213
255
7306
5731
5376
2069
3807
10701
4130
3824
935
6878
1105
3915
4320
5867
1732
1686
10173
2101
2733
4591
10892
9175
3460
7279
10602
7819
1434
11554
7667
2655
9174
1589
8126
9935
11458
556
10262
11968
3627
987
2118
7806
8337
1775
4849
11960
4399
3576
3104
7538
4892
3720
9478
3203
700
11375
1138
6643
11946
5758
11302
3045
11476
4627
60
3120
5669
1031
4399
9728
2228
11528
7788
5001
2492
10565
7839
1113
2983
11667
7827
7399
9475
4370
6679
8577
4816
2485
171
3121
5093
4338
1555
9599
7366
9051
10762
11882
341
6709
7554
9610
4753
433
7675
8170
5071
930
2011
2642
332
2986
1212
2814
3504
4693
3937
7316
11686
7837
8071
8287
9827
1940
2723
5731
6302
4863
6755
4808
1792
9649
8802
11792
11337
10483
2411
3284
1260
10181
9947
6517
7899
7515
10249
4133
9576
5003
3863
8894
3272
6451
9727
2038
737
4565
4760
1801
5493
8397
8673
9687
10251
139
8562
11565
11718
1005
11513
4532
601
2418
440
6692
4787
1690
770
5629
3277
6662
7338
4320
3417
9408
8024
10589
8235
11203
9142
7938
10448
5325
5483
5699
10766
3088
5205
2920
6541
1648
355
1263
4662
7677
7861
11427
7792
8925
9186
11194
1604
1966
1621
7207
4638
11107
326
6915
3708
10467
5716
9863
10511
4676
3718
10623
3134
9406
8658
9114
7641
5129
2158
3943
1696
62
2501
8611
445
11116
1211
3037
10380
3036
11460
1847
5913
3529
5954
6205
3698
4236
559
7715
5410
11844
7712
3027
10812
6390
9009
8244
5341
7006
2966
9098
322
6883
3936
6089
9059
7156
9602
9391
10672
1699
9185
2290
5480
5497
668
8312
9063
10286
10836
9875
10801
4598
2820
3476
8832
11120
8115
5826
10743
433
9624
3264
6181
4792
5377
2983
1762
2445
10877
7200
8210
4378
7827
6411
8630
10939
10147
3196
7146
7928
2645
5790
6801
8099
1661
2726
10726
10836
6202
2366
5020
9929
762
5944
1612
10920
9031
20
6554
1406
9057
7830
1806
9979
1215
988
2494
149
2467
3383
948
6648
11886
1795
9546
4905
9340
924
2440
2329
3479
11936
11715
8130
778
7545
315
9014
4450
853
4336
2988
2388
1761
2772
2775
3084
5779
5845
2052
11589
7404
5289
9740
4104
11944
1719
3989
3678
1808
11255
10329
4734
11743
4024
3558
812
6336
9025
10575
9892
4388
4964
11189
1079
2289
9334
8297
5180
590
1880
3459
11830
2250
9979
4942
1357
3822
10106
4748
2449
9906
9698
886
2947
2710
7099
11383
2730
393
4169
10992
8672
102
6285
556
25
8224
8054
8217
10366
11354
6026
5333
11350
4823
5987
6080
8060
3384
6129
12
1606
6736
2468
1765
1891
1051
11334
3178
6105
6553
7549
8678
8521
2378
4183
4709
2543
5591
2245
2234
8727
7202
4719
10053
4629
10378
2607
1693
11847
10770
1393
6062
512
2002
8353
9827
5740
8836
8660
3689
10196
10357
8997
3214
7940
3818
5623
3840
11099
8325
7396
966
4676
4541
5208
11670
11950
3979
11631
2681
11424
3126
2232
11635
6169
3800
9140
9415
11671
11574
7840
10593
6928
3000
47
8476
1555
3576
8691
7236
9041
5977
1578
9833
11059
6126
4343
1172
1877
10947
10505
8935
11427
442
3245
1941
4452
3808
9544
5745
5475
2782
4759
1254
875
9290
10610
8778
473
2676
9636
6782
5328
10408
10873
3941
10261
3132
8369
10750
8740
6304
4512
2973
8273
2360
7847
9672
6338
1493
4115
1289
8158
11565
3721
2497
8240
10582
4629
2006
7639
2339
919
5478
10261
9489
5785
1975
2309
4232
7718
5047
1106
7230
7930
6585
3020
11
3802
1013
1134
7306
7168
11165
5547
1183
5735
7360
10832
2737
6757
9758
8188
5308
8252
950
2212
7800
4664
11083
7984
7671
2802
3435
5273
507
4202
8460
5222
2831
1777
4658
8712
884
1689
9520
898
10632
11817
2858
9050
9073
4023
6475
10803
8171
10638
7961
5359
10333
116
10759
2917
335
8811
1266
3738
4971
5108
2826
3781
8390
4879
3816
2733
245
11264
10920
10499
11211
5272
746
5862
303
6496
7583
8069
8685
7421
11921
2409
9186
8430
11735
10704
7835
3496
2139
4684
4957
4926
7091
804
11213
5195
11228
4888
1994
6984
10735
2274
6104
9000
11282
5787
9500
2956
4627
11832
4098
4323
9400
6337
9266
1988
9866
7002
3569
9972
5159
6459
6753
9607
10473
462
2605
7343
3171
2116
8514
9379
525
5396
949
1777
